[     889ms] [ERROR] Failed to load resource: the server responded with a status of 401 () @ https://api.pinterest.com/v3/coc_event/?client_id=1498821&timestamp=1774313932686&oauth_signature=20f85a7867669716e1887a4a7b43248a823c09f513fd176ffe9f56f6209bce57:0
[     890ms] [ERROR] Unauthorized, 401, please contact administrator @ https://www.pinterestcareers.com/phb/subsitesAnalytics.js.v2f4afc4973bd333cd282f1ae768757bc010bcd39:0
[     890ms] [ERROR] $ @ https://www.pinterestcareers.com/phb/subsitesAnalytics.js.v2f4afc4973bd333cd282f1ae768757bc010bcd39:0
[     943ms] [ERROR] Failed to load resource: the server responded with a status of 401 () @ https://my.greenhouse.io/users/self?job_post_id=7649660:0
[     943ms] UnauthorizedError: Unauthorized: User is not logged in.
    at Gs.fetchProfile (https://job-boards.cdn.greenhouse.io/assets/entry.client-6xjydqH5.js:61:71218)
[     943ms] [ERROR] Failed to load resource: the server responded with a status of 401 () @ https://my.greenhouse.io/users/self?job_post_id=7649660:0
[    1535ms] [ERROR] Failed to load resource: the server responded with a status of 401 () @ https://my.greenhouse.io/users/self?job_post_id=7649660:0
[    1537ms] UnauthorizedError: Unauthorized: User is not logged in.
    at Gs.fetchProfile (https://job-boards.cdn.greenhouse.io/assets/entry.client-6xjydqH5.js:61:71218)
[   13760ms] [ERROR] Failed to load resource: the server responded with a status of 401 () @ https://my.greenhouse.io/users/self?job_post_id=7649660:0
[   13762ms] UnauthorizedError: Unauthorized: User is not logged in.
    at Gs.fetchProfile (https://job-boards.cdn.greenhouse.io/assets/entry.client-6xjydqH5.js:61:71218)
    at async We (https://job-boards.cdn.greenhouse.io/assets/entry.client-6xjydqH5.js:61:96090)
[  122544ms] [ERROR] Connecting to 'https://www.recaptcha.net/recaptcha/enterprise/clr?k=6LfmcbcpAAAAAChNTbhUShzUOAMj_wY9LQIvLFX0' violates the following Content Security Policy directive: "connect-src 'self' api.mapbox.com docs.google.com/feeds/download/documents/export/Export *.amazonaws.com *.googleapis.com *.googleusercontent.com api.rollbar.com api.geocode.earth https://api-geocode-earth-proxy.greenhouse.io/ *.dropboxusercontent.com *.dropbox.com *.dropboxapi.com www.google.com auth.seek.com apply-api.gograyscale.com wss://apply-api-realtime.gograyscale.com apply.grsc.io https://prod-jben.prod-usw2-0.gh.internal boards.greenhouse.io job-boards.cdn.greenhouse.io email-address-validator.us.greenhouse.io https://my.greenhouse.io spl.greenhouse.io". The action has been blocked. @ https://job-boards.cdn.greenhouse.io/assets/vendor-CSu851Dq.js:243
[  122545ms] [ERROR] Fetch API cannot load https://www.recaptcha.net/recaptcha/enterprise/clr?k=6LfmcbcpAAAAAChNTbhUShzUOAMj_wY9LQIvLFX0. Refused to connect because it violates the document's Content Security Policy. @ https://job-boards.cdn.greenhouse.io/assets/vendor-CSu851Dq.js:243
[  122545ms] [ERROR] Connecting to 'https://www.recaptcha.net/recaptcha/enterprise/clr?k=6LfmcbcpAAAAAChNTbhUShzUOAMj_wY9LQIvLFX0' violates the following Content Security Policy directive: "connect-src 'self' api.mapbox.com docs.google.com/feeds/download/documents/export/Export *.amazonaws.com *.googleapis.com *.googleusercontent.com api.rollbar.com api.geocode.earth https://api-geocode-earth-proxy.greenhouse.io/ *.dropboxusercontent.com *.dropbox.com *.dropboxapi.com www.google.com auth.seek.com apply-api.gograyscale.com wss://apply-api-realtime.gograyscale.com apply.grsc.io https://prod-jben.prod-usw2-0.gh.internal boards.greenhouse.io job-boards.cdn.greenhouse.io email-address-validator.us.greenhouse.io https://my.greenhouse.io spl.greenhouse.io". The action has been blocked. @ https://job-boards.cdn.greenhouse.io/assets/vendor-CSu851Dq.js:243
[  122545ms] [ERROR] Fetch API cannot load https://www.recaptcha.net/recaptcha/enterprise/clr?k=6LfmcbcpAAAAAChNTbhUShzUOAMj_wY9LQIvLFX0. Refused to connect because it violates the document's Content Security Policy. @ https://job-boards.cdn.greenhouse.io/assets/vendor-CSu851Dq.js:243
[  122545ms] [ERROR] Connecting to 'https://www.recaptcha.net/recaptcha/enterprise/clr?k=6LfmcbcpAAAAAChNTbhUShzUOAMj_wY9LQIvLFX0' violates the following Content Security Policy directive: "connect-src 'self' api.mapbox.com docs.google.com/feeds/download/documents/export/Export *.amazonaws.com *.googleapis.com *.googleusercontent.com api.rollbar.com api.geocode.earth https://api-geocode-earth-proxy.greenhouse.io/ *.dropboxusercontent.com *.dropbox.com *.dropboxapi.com www.google.com auth.seek.com apply-api.gograyscale.com wss://apply-api-realtime.gograyscale.com apply.grsc.io https://prod-jben.prod-usw2-0.gh.internal boards.greenhouse.io job-boards.cdn.greenhouse.io email-address-validator.us.greenhouse.io https://my.greenhouse.io spl.greenhouse.io". The action has been blocked. @ https://job-boards.cdn.greenhouse.io/assets/vendor-CSu851Dq.js:243
[  122545ms] [ERROR] Fetch API cannot load https://www.recaptcha.net/recaptcha/enterprise/clr?k=6LfmcbcpAAAAAChNTbhUShzUOAMj_wY9LQIvLFX0. Refused to connect because it violates the document's Content Security Policy. @ https://job-boards.cdn.greenhouse.io/assets/vendor-CSu851Dq.js:243
[  122546ms] [ERROR] Connecting to 'https://www.recaptcha.net/recaptcha/enterprise/clr?k=6LfmcbcpAAAAAChNTbhUShzUOAMj_wY9LQIvLFX0' violates the following Content Security Policy directive: "connect-src 'self' api.mapbox.com docs.google.com/feeds/download/documents/export/Export *.amazonaws.com *.googleapis.com *.googleusercontent.com api.rollbar.com api.geocode.earth https://api-geocode-earth-proxy.greenhouse.io/ *.dropboxusercontent.com *.dropbox.com *.dropboxapi.com www.google.com auth.seek.com apply-api.gograyscale.com wss://apply-api-realtime.gograyscale.com apply.grsc.io https://prod-jben.prod-usw2-0.gh.internal boards.greenhouse.io job-boards.cdn.greenhouse.io email-address-validator.us.greenhouse.io https://my.greenhouse.io spl.greenhouse.io". The action has been blocked. @ https://job-boards.cdn.greenhouse.io/assets/vendor-CSu851Dq.js:243
[  122546ms] [ERROR] Fetch API cannot load https://www.recaptcha.net/recaptcha/enterprise/clr?k=6LfmcbcpAAAAAChNTbhUShzUOAMj_wY9LQIvLFX0. Refused to connect because it violates the document's Content Security Policy. @ https://job-boards.cdn.greenhouse.io/assets/vendor-CSu851Dq.js:243
